<?xml version="1.0" encoding="UTF-8"?>
<!-- Generated by org.testng.reporters.JUnitReportReporter -->
<testsuite hostname="Sagar" failures="0" tests="2" name="cc1.cc2" time="9.140" errors="0" timestamp="2021-12-27T10:50:16 IST" skipped="0">
  <testcase classname="cc1.cc2" name="CCTest" time="5.640"/>
  <system-out/>
  <testcase classname="cc1.cc2" name="CCTest" time="3.500"/>
  <system-out/>
</testsuite> <!-- cc1.cc2 -->
